make all --print-data-base --no-builtin-variables --no-builtin-rules --question
# GNU Make 3.81
# Copyright (C) 2006  Free Software Foundation, Inc.
# This is free software; see the source for copying conditions.
# There is NO warranty; not even for MERCHANTABILITY or FITNESS FOR A
# PARTICULAR PURPOSE.

# This program built for i386-apple-darwin11.3.0

# Make data base, printed on Sat Aug 27 10:19:02 2022

# Variables

# automatic
<D = $(patsubst %/,%,$(dir $<))
# environment
RUBY_VERSION = ruby-3.0.0
# automatic
?F = $(notdir $?)
# makefile (from `Makefile', line 1)
PACKAGES_PATH = $(shell go list -f '{{ .Dir }}' ./...)
# automatic
?D = $(patsubst %/,%,$(dir $?))
# environment
rvm_path = /Users/dgarciajaram/.rvm
# automatic
@D = $(patsubst %/,%,$(dir $@))
# automatic
@F = $(notdir $@)
# makefile
CURDIR := /Users/dgarciajaram/go/src/github.com/davidJeronimoG/design-patterns-in-go
# makefile
SHELL = /bin/sh
# environment
VSCODE_NLS_CONFIG = {"locale":"es-419","availableLanguages":{},"_languagePackSupport":true}
# environment
_ = /usr/bin/make
# makefile (from `Makefile', line 1)
MAKEFILE_LIST :=  Makefile
# environment
VSCODE_AMD_ENTRYPOINT = vs/workbench/api/node/extensionHostProcess
# environment
__CFBundleIdentifier = com.microsoft.VSCode
# environment
P9K_SSH = 0
# environment
VSCODE_CWD = /
# environment
GOPROXY = https://proxy.golang.org,direct
# environment
PATH = /Users/dgarciajaram/.rvm/gems/ruby-3.0.0/bin:/Users/dgarciajaram/.rvm/gems/ruby-3.0.0@global/bin:/Users/dgarciajaram/.rvm/rubies/ruby-3.0.0/bin:/Users/dgarciajaram/go/src/github.com/mercadolibre/fury_mpcsgc-dev-tools/bin:/Users/dgarciajaram/Library/Python/3.8/bin:/Users/dgarciajaram/Library/Python/3.7/bin:/usr/local/bin:/usr/bin:/bin:/usr/sbin:/sbin:/usr/local/go/bin:/Users/dgarciajaram/.rvm/bin
# environment
LSCOLORS = Gxfxcxdxbxegedabagacad
# environment
GOPATH = /Users/dgarciajaram/go
# environment
LaunchInstanceID = CA1823E8-2FCE-43F5-B8C4-11DFD390A332
# environment
ELECTRON_RUN_AS_NODE = 1
# default
.FEATURES := target-specific order-only second-expansion else-if archives jobserver check-symlink
# environment
SSH_AUTH_SOCK = /private/tmp/com.apple.launchd.h6irot8s8W/Listeners
# automatic
%F = $(notdir $%)
# environment
rvm_bin_path = /Users/dgarciajaram/.rvm/bin
# environment
PWD = /Users/dgarciajaram/go/src/github.com/davidJeronimoG/design-patterns-in-go
# environment
GEM_HOME = /Users/dgarciajaram/.rvm/gems/ruby-3.0.0
# environment
ORIGINAL_XDG_CURRENT_DESKTOP = undefined
# environment
GOMODCACHE = /Users/dgarciajaram/go/pkg/mod
# environment
HOME = /Users/dgarciajaram
# default
MAKEFILEPATH = $(shell /usr/bin/xcode-select -print-path 2>/dev/null || echo /Developer)/Makefiles
# environment
VSCODE_CODE_CACHE_PATH = /Users/dgarciajaram/Library/Application Support/Code/CachedData/e4503b30fc78200f846c62cf8091b76ff5547662
# environment
LOGNAME = dgarciajaram
# environment
APPLICATION_INSIGHTS_NO_DIAGNOSTIC_CHANNEL = 1
# environment
ZSH = /Users/dgarciajaram/.oh-my-zsh
# environment
VSCODE_HANDLES_UNCAUGHT_ERRORS = true
# automatic
^D = $(patsubst %/,%,$(dir $^))
# environment
GEM_PATH = /Users/dgarciajaram/.rvm/gems/ruby-3.0.0:/Users/dgarciajaram/.rvm/gems/ruby-3.0.0@global
# environment
XPC_FLAGS = 0x0
# default
MAKE = $(MAKE_COMMAND)
# default
MAKECMDGOALS := all
# environment
IRBRC = /Users/dgarciajaram/.rvm/rubies/ruby-3.0.0/.irbrc
# environment
SHLVL = 1
# default
MAKE_VERSION := 3.81
# environment
USER = dgarciajaram
# makefile
.DEFAULT_GOAL := all
# environment
rvm_version = 1.29.12 (latest)
# environment
LESS = -R
# automatic
%D = $(patsubst %/,%,$(dir $%))
# default
MAKE_COMMAND := /Library/Developer/CommandLineTools/usr/bin/make
# default
.VARIABLES := 
# environment
TMPDIR = /var/folders/z1/05_7qkdj3pzbnzj9shzwc3tjw40n8y/T/
# automatic
*F = $(notdir $*)
# environment
VSCODE_IPC_HOOK = /Users/dgarciajaram/Library/Application Support/Code/1.70.2-main.sock
# environment
MallocNanoZone = 0
# makefile
MAKEFLAGS = Rrqp
# environment
MFLAGS = -Rrqp
# automatic
*D = $(patsubst %/,%,$(dir $*))
# environment
XPC_SERVICE_NAME = application.com.microsoft.VSCode.11888092.11888098
# automatic
+D = $(patsubst %/,%,$(dir $+))
# automatic
+F = $(notdir $+)
# environment
__CF_USER_TEXT_ENCODING = 0x7840551E:0:86
# environment
COMMAND_MODE = unix2003
# default
MAKEFILES := 
# automatic
<F = $(notdir $<)
# environment
PAGER = less
# environment
LC_ALL = C
# environment
SECURITYSESSIONID = 186a5
# automatic
^F = $(notdir $^)
# environment
rvm_prefix = /Users/dgarciajaram
# default
SUFFIXES := 
# default
.INCLUDE_DIRS = /usr/local/include
# environment
MAKELEVEL := 0
# environment
LANG = C
# environment
VSCODE_PID = 686
# environment
MY_RUBY_HOME = /Users/dgarciajaram/.rvm/rubies/ruby-3.0.0
# variable set hash-table stats:
# Load=78/1024=8%, Rehash=0, Collisions=3/104=3%

# Pattern-specific Variable Values

# No pattern-specific variable values.

# Directories

# . (device 16777221, inode 7251902): 10 files, no impossibilities.

# 10 files, no impossibilities in 1 directories.

# Implicit Rules

# No implicit rules.

# Files

staticcheck:
#  Phony target (prerequisite of .PHONY).
#  Implicit rule search has not been done.
#  File does not exist.
#  File has not been updated.
#  commands to execute (from `Makefile', line 35):
	@echo "=> Executing staticcheck"
	@staticcheck ./...
	

all: require tidy fmt goimports vet staticcheck test
#  Phony target (prerequisite of .PHONY).
#  Command-line target.
#  Implicit rule search has not been done.
#  File does not exist.
#  File has been updated.
#  Needs to be updated (-q is set).
# variable set hash-table stats:
# Load=0/32=0%, Rehash=0, Collisions=0/2=0%

.PHONY: all require tidy fmt goimports vet staticcheck test test-cover
#  Implicit rule search has not been done.
#  Modification time never checked.
#  File has not been updated.

# Not a target:
.SUFFIXES:
#  Implicit rule search has not been done.
#  Modification time never checked.
#  File has not been updated.

# Not a target:
Makefile:
#  Implicit rule search has been done.
#  Last modified 2022-06-03 16:11:48
#  File has been updated.
#  Successfully updated.
# variable set hash-table stats:
# Load=0/32=0%, Rehash=0, Collisions=0/0=0%

test:
#  Phony target (prerequisite of .PHONY).
#  Implicit rule search has not been done.
#  File does not exist.
#  File has not been updated.
#  commands to execute (from `Makefile', line 40):
	@echo "=> Running tests"
	@go test ./... -covermode=atomic -coverpkg=./... -count=1 -race -shuffle=on
	

vet:
#  Phony target (prerequisite of .PHONY).
#  Implicit rule search has not been done.
#  File does not exist.
#  File has not been updated.
#  commands to execute (from `Makefile', line 30):
	@echo "=> Executing go vet"
	@go vet ./...
	

# Not a target:
.DEFAULT:
#  Implicit rule search has not been done.
#  Modification time never checked.
#  File has not been updated.

test-cover:
#  Phony target (prerequisite of .PHONY).
#  Implicit rule search has not been done.
#  File does not exist.
#  File has not been updated.
#  commands to execute (from `Makefile', line 45):
	@echo "=> Running tests and generating report"
	@go test ./... -covermode=atomic -coverprofile=/tmp/coverage.out -coverpkg=./... -count=1 -race -shuffle=on
	@go tool cover -html=/tmp/coverage.out
	

tidy:
#  Phony target (prerequisite of .PHONY).
#  Implicit rule search has not been done.
#  File does not exist.
#  File has not been updated.
#  commands to execute (from `Makefile', line 15):
	@echo "=> Executing go mod tidy"
	@go mod tidy
	

fmt:
#  Phony target (prerequisite of .PHONY).
#  Implicit rule search has not been done.
#  File does not exist.
#  File has not been updated.
#  commands to execute (from `Makefile', line 20):
	@echo "=> Executing go fmt"
	@go fmt ./...
	

goimports:
#  Phony target (prerequisite of .PHONY).
#  Implicit rule search has not been done.
#  File does not exist.
#  File has not been updated.
#  commands to execute (from `Makefile', line 25):
	@echo "=> Executing goimports"
	@goimports -w $(PACKAGES_PATH)
	

require:
#  Phony target (prerequisite of .PHONY).
#  Implicit rule search has not been done.
#  Implicit/static pattern stem: `'
#  File does not exist.
#  File has been updated.
#  Needs to be updated (-q is set).
 
# automatic
# @ := require
# automatic
# % := 
# automatic
# * := 
# automatic
# + := 
# automatic
# | := 
# automatic
# < := 
# automatic
# ^ := 
# automatic
# ? := 
# variable set hash-table stats:
# Load=8/32=25%, Rehash=0, Collisions=1/10=10%
#  commands to execute (from `Makefile', line 8):
	@type "goimports" > /dev/null 2>&1 \
	|| (echo 'goimports not found: to install it, run "go install golang.org/x/tools/cmd/goimports@latest"'; exit 1)
	@type "staticcheck" > /dev/null 2>&1 \
	|| (echo 'staticcheck not found: to install it, run "go install honnef.co/go/tools/cmd/staticcheck@latest"'; exit 1)
	

# files hash-table stats:
# Load=13/1024=1%, Rehash=0, Collisions=0/51=0%
# VPATH Search Paths

# No `vpath' search paths.

# No general (`VPATH' variable) search path.

# # of strings in strcache: 1
# # of strcache buffers: 1
# strcache size: total = 4096 / max = 4096 / min = 4096 / avg = 4096
# strcache free: total = 4087 / max = 4087 / min = 4087 / avg = 4087

# Finished Make data base on Sat Aug 27 10:19:02 2022

 
